This file contains any messages produced by compilers while
running configure, to aid debugging if configure makes a mistake.

It was created by mpc configure 1.0.3, which was
generated by GNU Autoconf 2.69.  Invocation command line was

  $ ../configure --build=x86_64-linux-gnu --prefix=/home/yli/work/java/nachos/nachos-java/nachos/bin/gcc-mips-dep --with-gmp=/home/yli/work/java/nachos/nachos-java/nachos/bin/gcc-mips-dep --with-mpfr=/home/yli/work/java/nachos/nachos-java/nachos/bin/gcc-mips-dep

## --------- ##
## Platform. ##
## --------- ##

hostname = ubuntu
uname -m = x86_64
uname -r = 4.15.0-30-generic
uname -s = Linux
uname -v = #32~16.04.1-Ubuntu SMP Thu Jul 26 20:25:39 UTC 2018

/usr/bin/uname -p = unknown
/bin/uname -X     = unknown

/bin/arch              = unknown
/usr/bin/arch -k       = unknown
/usr/convex/getsysinfo = unknown
/usr/bin/hostinfo      = unknown
/bin/machine           = unknown
/usr/bin/oslevel       = unknown
/bin/universe          = unknown

PATH: /home/yli/work/java/nachos/nachos-java/nachos/bin
PATH: /home/yli/work/java/nachos/nachos-java/nachos/bin/mips-x86.linux-xgcc/mips-x86.linux-xgcc
PATH: /usr/lib/jdk/jdk1.8.0_181/bin
PATH: /usr/lib/jdk/jdk1.8.0_181/bin
PATH: /home/yli/bin
PATH: /home/yli/.local/bin
PATH: /usr/local/sbin
PATH: /usr/local/bin
PATH: /usr/sbin
PATH: /usr/bin
PATH: /sbin
PATH: /bin
PATH: /usr/games
PATH: /usr/local/games
PATH: /snap/bin
PATH: /home/yli/Downloads/go/bin
PATH: /home/yli/Downloads/go/pkg/tool
PATH: /opt/flamegraph
PATH: /home/yli/Downloads/go/bin
PATH: /home/yli/Downloads/go/pkg/tool
PATH: /opt/flamegraph


## ----------- ##
## Core tests. ##
## ----------- ##

configure:2347: checking for a BSD-compatible install
configure:2415: result: /usr/bin/install -c
configure:2426: checking whether build environment is sane
configure:2481: result: yes
configure:2632: checking for a thread-safe mkdir -p
configure:2671: result: /bin/mkdir -p
configure:2678: checking for gawk
configure:2708: result: no
configure:2678: checking for mawk
configure:2694: found /usr/bin/mawk
configure:2705: result: mawk
configure:2716: checking whether make sets $(MAKE)
configure:2738: result: yes
configure:2767: checking whether make supports nested variables
configure:2784: result: yes
configure:2911: checking whether to enable maintainer-specific portions of Makefiles
configure:2920: result: no
configure:2941: checking build system type
configure:2955: result: x86_64-pc-linux-gnu
configure:2975: checking host system type
configure:2988: result: x86_64-pc-linux-gnu
configure:3172: checking for grep that handles long lines and -e
configure:3230: result: /bin/grep
configure:3235: checking for egrep
configure:3297: result: /bin/grep -E
configure:3302: checking for a sed that does not truncate output
configure:3366: result: /bin/sed
configure:3373: checking for CC and CFLAGS in gmp.h
configure:3399: result: yes CC=gcc CFLAGS=-O2 -pedantic -m64 -mtune=k8
configure:3405: checking for CC=gcc and CFLAGS=-O2 -pedantic -m64 -mtune=k8
configure:3409: result: yes
configure:3472: checking for gcc
configure:3499: result: gcc
configure:3728: checking for C compiler version
configure:3737: gcc --version >&5
gcc (Ubuntu 5.4.0-6ubuntu1~16.04.10) 5.4.0 20160609
Copyright (C) 2015 Free Software Foundation, Inc.
This is free software; see the source for copying conditions.  There is NO
warranty; not even for MERCHANTABILITY or FITNESS FOR A PARTICULAR PURPOSE.

configure:3748: $? = 0
configure:3737: gcc -v >&5
Using built-in specs.
COLLECT_GCC=gcc
COLLECT_LTO_WRAPPER=/usr/lib/gcc/x86_64-linux-gnu/5/lto-wrapper
Target: x86_64-linux-gnu
Configured with: ../src/configure -v --with-pkgversion='Ubuntu 5.4.0-6ubuntu1~16.04.10' --with-bugurl=file:///usr/share/doc/gcc-5/README.Bugs --enable-languages=c,ada,c++,java,go,d,fortran,objc,obj-c++ --prefix=/usr --program-suffix=-5 --enable-shared --enable-linker-build-id --libexecdir=/usr/lib --without-included-gettext --enable-threads=posix --libdir=/usr/lib --enable-nls --with-sysroot=/ --enable-clocale=gnu --enable-libstdcxx-debug --enable-libstdcxx-time=yes --with-default-libstdcxx-abi=new --enable-gnu-unique-object --disable-vtable-verify --enable-libmpx --enable-plugin --with-system-zlib --disable-browser-plugin --enable-java-awt=gtk --enable-gtk-cairo --with-java-home=/usr/lib/jvm/java-1.5.0-gcj-5-amd64/jre --enable-java-home --with-jvm-root-dir=/usr/lib/jvm/java-1.5.0-gcj-5-amd64 --with-jvm-jar-dir=/usr/lib/jvm-exports/java-1.5.0-gcj-5-amd64 --with-arch-directory=amd64 --with-ecj-jar=/usr/share/java/eclipse-ecj.jar --enable-objc-gc --enable-multiarch --disable-werror --with-arch-32=i686 --with-abi=m64 --with-multilib-list=m32,m64,mx32 --enable-multilib --with-tune=generic --enable-checking=release --build=x86_64-linux-gnu --host=x86_64-linux-gnu --target=x86_64-linux-gnu
Thread model: posix
gcc version 5.4.0 20160609 (Ubuntu 5.4.0-6ubuntu1~16.04.10) 
configure:3748: $? = 0
configure:3737: gcc -V >&5
gcc: error: unrecognized command line option '-V'
gcc: fatal error: no input files
compilation terminated.
configure:3748: $? = 1
configure:3737: gcc -qversion >&5
gcc: error: unrecognized command line option '-qversion'
gcc: fatal error: no input files
compilation terminated.
configure:3748: $? = 1
configure:3768: checking whether the C compiler works
configure:3790: gcc -O2 -pedantic -m64 -mtune=k8 -I/home/yli/work/java/nachos/nachos-java/nachos/bin/gcc-mips-dep/include -I/home/yli/work/java/nachos/nachos-java/nachos/bin/gcc-mips-dep/include  -L/home/yli/work/java/nachos/nachos-java/nachos/bin/gcc-mips-dep/lib -L/home/yli/work/java/nachos/nachos-java/nachos/bin/gcc-mips-dep/lib  conftest.c  >&5
configure:3794: $? = 0
configure:3842: result: yes
configure:3845: checking for C compiler default output file name
configure:3847: result: a.out
configure:3853: checking for suffix of executables
configure:3860: gcc -o conftest -O2 -pedantic -m64 -mtune=k8 -I/home/yli/work/java/nachos/nachos-java/nachos/bin/gcc-mips-dep/include -I/home/yli/work/java/nachos/nachos-java/nachos/bin/gcc-mips-dep/include  -L/home/yli/work/java/nachos/nachos-java/nachos/bin/gcc-mips-dep/lib -L/home/yli/work/java/nachos/nachos-java/nachos/bin/gcc-mips-dep/lib  conftest.c  >&5
configure:3864: $? = 0
configure:3886: result: 
configure:3908: checking whether we are cross compiling
configure:3916: gcc -o conftest -O2 -pedantic -m64 -mtune=k8 -I/home/yli/work/java/nachos/nachos-java/nachos/bin/gcc-mips-dep/include -I/home/yli/work/java/nachos/nachos-java/nachos/bin/gcc-mips-dep/include  -L/home/yli/work/java/nachos/nachos-java/nachos/bin/gcc-mips-dep/lib -L/home/yli/work/java/nachos/nachos-java/nachos/bin/gcc-mips-dep/lib  conftest.c  >&5
configure:3920: $? = 0
configure:3927: ./conftest
configure:3931: $? = 0
configure:3946: result: no
configure:3951: checking for suffix of object files
configure:3973: gcc -c -O2 -pedantic -m64 -mtune=k8 -I/home/yli/work/java/nachos/nachos-java/nachos/bin/gcc-mips-dep/include -I/home/yli/work/java/nachos/nachos-java/nachos/bin/gcc-mips-dep/include  conftest.c >&5
configure:3977: $? = 0
configure:3998: result: o
configure:4002: checking whether we are using the GNU C compiler
configure:4021: gcc -c -O2 -pedantic -m64 -mtune=k8 -I/home/yli/work/java/nachos/nachos-java/nachos/bin/gcc-mips-dep/include -I/home/yli/work/java/nachos/nachos-java/nachos/bin/gcc-mips-dep/include  conftest.c >&5
configure:4021: $? = 0
configure:4030: result: yes
configure:4039: checking whether gcc accepts -g
configure:4059: gcc -c -g -I/home/yli/work/java/nachos/nachos-java/nachos/bin/gcc-mips-dep/include -I/home/yli/work/java/nachos/nachos-java/nachos/bin/gcc-mips-dep/include  conftest.c >&5
configure:4059: $? = 0
configure:4100: result: yes
configure:4117: checking for gcc option to accept ISO C89
configure:4180: gcc  -c -O2 -pedantic -m64 -mtune=k8 -I/home/yli/work/java/nachos/nachos-java/nachos/bin/gcc-mips-dep/include -I/home/yli/work/java/nachos/nachos-java/nachos/bin/gcc-mips-dep/include  conftest.c >&5
configure:4180: $? = 0
configure:4193: result: none needed
configure:4218: checking whether gcc understands -c and -o together
configure:4240: gcc -c conftest.c -o conftest2.o
configure:4243: $? = 0
configure:4240: gcc -c conftest.c -o conftest2.o
configure:4243: $? = 0
configure:4255: result: yes
configure:4283: checking for style of include used by make
configure:4311: result: GNU
configure:4337: checking dependency style of gcc
configure:4448: result: gcc3
configure:4521: checking for ar
configure:4537: found /usr/bin/ar
configure:4548: result: ar
configure:4574: checking the archiver (ar) interface
configure:4590: gcc -c -O2 -pedantic -m64 -mtune=k8 -I/home/yli/work/java/nachos/nachos-java/nachos/bin/gcc-mips-dep/include -I/home/yli/work/java/nachos/nachos-java/nachos/bin/gcc-mips-dep/include  conftest.c >&5
configure:4590: $? = 0
configure:4592: ar cru libconftest.a conftest.o >&5
ar: `u' modifier ignored since `D' is the default (see `U')
configure:4595: $? = 0
configure:4623: result: ar
configure:4691: checking how to print strings
configure:4718: result: printf
configure:4739: checking for a sed that does not truncate output
configure:4803: result: /bin/sed
configure:4821: checking for fgrep
configure:4883: result: /bin/grep -F
configure:4918: checking for ld used by gcc
configure:4985: result: /usr/bin/ld
configure:4992: checking if the linker (/usr/bin/ld) is GNU ld
configure:5007: result: yes
configure:5019: checking for BSD- or MS-compatible name lister (nm)
configure:5073: result: /usr/bin/nm -B
configure:5203: checking the name lister (/usr/bin/nm -B) interface
configure:5210: gcc -c -O2 -pedantic -m64 -mtune=k8 -I/home/yli/work/java/nachos/nachos-java/nachos/bin/gcc-mips-dep/include -I/home/yli/work/java/nachos/nachos-java/nachos/bin/gcc-mips-dep/include  conftest.c >&5
configure:5213: /usr/bin/nm -B "conftest.o"
configure:5216: output
0000000000000000 B some_variable
configure:5223: result: BSD nm
configure:5226: checking whether ln -s works
configure:5230: result: yes
configure:5238: checking the maximum length of command line arguments
configure:5369: result: 1635000
configure:5417: checking how to convert x86_64-pc-linux-gnu file names to x86_64-pc-linux-gnu format
configure:5457: result: func_convert_file_noop
configure:5464: checking how to convert x86_64-pc-linux-gnu file names to toolchain format
configure:5484: result: func_convert_file_noop
configure:5491: checking for /usr/bin/ld option to reload object files
configure:5498: result: -r
configure:5572: checking for objdump
configure:5588: found /usr/bin/objdump
configure:5599: result: objdump
configure:5631: checking how to recognize dependent libraries
configure:5831: result: pass_all
configure:5916: checking for dlltool
configure:5946: result: no
configure:5976: checking how to associate runtime and link libraries
configure:6003: result: printf %s\n
configure:6127: checking for archiver @FILE support
configure:6144: gcc -c -O2 -pedantic -m64 -mtune=k8 -I/home/yli/work/java/nachos/nachos-java/nachos/bin/gcc-mips-dep/include -I/home/yli/work/java/nachos/nachos-java/nachos/bin/gcc-mips-dep/include  conftest.c >&5
configure:6144: $? = 0
configure:6147: ar cru libconftest.a @conftest.lst >&5
ar: `u' modifier ignored since `D' is the default (see `U')
configure:6150: $? = 0
configure:6155: ar cru libconftest.a @conftest.lst >&5
ar: `u' modifier ignored since `D' is the default (see `U')
ar: conftest.o: No such file or directory
configure:6158: $? = 1
configure:6170: result: @
configure:6228: checking for strip
configure:6244: found /usr/bin/strip
configure:6255: result: strip
configure:6327: checking for ranlib
configure:6343: found /usr/bin/ranlib
configure:6354: result: ranlib
configure:6456: checking command to parse /usr/bin/nm -B output from gcc object
configure:6609: gcc -c -O2 -pedantic -m64 -mtune=k8 -I/home/yli/work/java/nachos/nachos-java/nachos/bin/gcc-mips-dep/include -I/home/yli/work/java/nachos/nachos-java/nachos/bin/gcc-mips-dep/include  conftest.c >&5
configure:6612: $? = 0
configure:6616: /usr/bin/nm -B conftest.o \| sed -n -e 's/^.*[ ]\([ABCDGIRSTW][ABCDGIRSTW]*\)[ ][ ]*\([_A-Za-z][_A-Za-z0-9]*\)$/\1 \2 \2/p' | sed '/ __gnu_lto/d' \> conftest.nm
configure:6619: $? = 0
configure:6685: gcc -o conftest -O2 -pedantic -m64 -mtune=k8 -I/home/yli/work/java/nachos/nachos-java/nachos/bin/gcc-mips-dep/include -I/home/yli/work/java/nachos/nachos-java/nachos/bin/gcc-mips-dep/include  -L/home/yli/work/java/nachos/nachos-java/nachos/bin/gcc-mips-dep/lib -L/home/yli/work/java/nachos/nachos-java/nachos/bin/gcc-mips-dep/lib  conftest.c conftstm.o >&5
conftest.c:29:20: warning: ISO C forbids conversion of function pointer to object pointer type [-Wpedantic]
   {"nm_test_func", (void *) &nm_test_func},
                    ^
configure:6688: $? = 0
configure:6726: result: ok
configure:6773: checking for sysroot
configure:6803: result: no
configure:6810: checking for a working dd
configure:6848: result: /bin/dd
configure:6852: checking how to truncate binary pipes
configure:6867: result: /bin/dd bs=4096 count=1
configure:7003: gcc -c -O2 -pedantic -m64 -mtune=k8 -I/home/yli/work/java/nachos/nachos-java/nachos/bin/gcc-mips-dep/include -I/home/yli/work/java/nachos/nachos-java/nachos/bin/gcc-mips-dep/include  conftest.c >&5
configure:7006: $? = 0
configure:7196: checking for mt
configure:7212: found /bin/mt
configure:7223: result: mt
configure:7246: checking if mt is a manifest tool
configure:7252: mt '-?'
configure:7260: result: no
configure:7937: checking how to run the C preprocessor
configure:7968: gcc -E -I/home/yli/work/java/nachos/nachos-java/nachos/bin/gcc-mips-dep/include -I/home/yli/work/java/nachos/nachos-java/nachos/bin/gcc-mips-dep/include  conftest.c
configure:7968: $? = 0
configure:7982: gcc -E -I/home/yli/work/java/nachos/nachos-java/nachos/bin/gcc-mips-dep/include -I/home/yli/work/java/nachos/nachos-java/nachos/bin/gcc-mips-dep/include  conftest.c
conftest.c:11:28: fatal error: ac_nonexistent.h: No such file or directory
compilation terminated.
configure:7982: $? = 1
configure: failed program was:
| /* confdefs.h */
| #define PACKAGE_NAME "mpc"
| #define PACKAGE_TARNAME "mpc"
| #define PACKAGE_VERSION "1.0.3"
| #define PACKAGE_STRING "mpc 1.0.3"
| #define PACKAGE_BUGREPORT "mpc-discuss@lists.gforge.inria.fr"
| #define PACKAGE_URL ""
| #define PACKAGE "mpc"
| #define VERSION "1.0.3"
| /* end confdefs.h.  */
| #include <ac_nonexistent.h>
configure:8007: result: gcc -E
configure:8027: gcc -E -I/home/yli/work/java/nachos/nachos-java/nachos/bin/gcc-mips-dep/include -I/home/yli/work/java/nachos/nachos-java/nachos/bin/gcc-mips-dep/include  conftest.c
configure:8027: $? = 0
configure:8041: gcc -E -I/home/yli/work/java/nachos/nachos-java/nachos/bin/gcc-mips-dep/include -I/home/yli/work/java/nachos/nachos-java/nachos/bin/gcc-mips-dep/include  conftest.c
conftest.c:11:28: fatal error: ac_nonexistent.h: No such file or directory
compilation terminated.
configure:8041: $? = 1
configure: failed program was:
| /* confdefs.h */
| #define PACKAGE_NAME "mpc"
| #define PACKAGE_TARNAME "mpc"
| #define PACKAGE_VERSION "1.0.3"
| #define PACKAGE_STRING "mpc 1.0.3"
| #define PACKAGE_BUGREPORT "mpc-discuss@lists.gforge.inria.fr"
| #define PACKAGE_URL ""
| #define PACKAGE "mpc"
| #define VERSION "1.0.3"
| /* end confdefs.h.  */
| #include <ac_nonexistent.h>
configure:8070: checking for ANSI C header files
configure:8090: gcc -c -O2 -pedantic -m64 -mtune=k8 -I/home/yli/work/java/nachos/nachos-java/nachos/bin/gcc-mips-dep/include -I/home/yli/work/java/nachos/nachos-java/nachos/bin/gcc-mips-dep/include  conftest.c >&5
configure:8090: $? = 0
configure:8163: gcc -o conftest -O2 -pedantic -m64 -mtune=k8 -I/home/yli/work/java/nachos/nachos-java/nachos/bin/gcc-mips-dep/include -I/home/yli/work/java/nachos/nachos-java/nachos/bin/gcc-mips-dep/include  -L/home/yli/work/java/nachos/nachos-java/nachos/bin/gcc-mips-dep/lib -L/home/yli/work/java/nachos/nachos-java/nachos/bin/gcc-mips-dep/lib  conftest.c  >&5
configure:8163: $? = 0
configure:8163: ./conftest
configure:8163: $? = 0
configure:8174: result: yes
configure:8187: checking for sys/types.h
configure:8187: gcc -c -O2 -pedantic -m64 -mtune=k8 -I/home/yli/work/java/nachos/nachos-java/nachos/bin/gcc-mips-dep/include -I/home/yli/work/java/nachos/nachos-java/nachos/bin/gcc-mips-dep/include  conftest.c >&5
configure:8187: $? = 0
configure:8187: result: yes
configure:8187: checking for sys/stat.h
configure:8187: gcc -c -O2 -pedantic -m64 -mtune=k8 -I/home/yli/work/java/nachos/nachos-java/nachos/bin/gcc-mips-dep/include -I/home/yli/work/java/nachos/nachos-java/nachos/bin/gcc-mips-dep/include  conftest.c >&5
configure:8187: $? = 0
configure:8187: result: yes
configure:8187: checking for stdlib.h
configure:8187: gcc -c -O2 -pedantic -m64 -mtune=k8 -I/home/yli/work/java/nachos/nachos-java/nachos/bin/gcc-mips-dep/include -I/home/yli/work/java/nachos/nachos-java/nachos/bin/gcc-mips-dep/include  conftest.c >&5
configure:8187: $? = 0
configure:8187: result: yes
configure:8187: checking for string.h
configure:8187: gcc -c -O2 -pedantic -m64 -mtune=k8 -I/home/yli/work/java/nachos/nachos-java/nachos/bin/gcc-mips-dep/include -I/home/yli/work/java/nachos/nachos-java/nachos/bin/gcc-mips-dep/include  conftest.c >&5
configure:8187: $? = 0
configure:8187: result: yes
configure:8187: checking for memory.h
configure:8187: gcc -c -O2 -pedantic -m64 -mtune=k8 -I/home/yli/work/java/nachos/nachos-java/nachos/bin/gcc-mips-dep/include -I/home/yli/work/java/nachos/nachos-java/nachos/bin/gcc-mips-dep/include  conftest.c >&5
configure:8187: $? = 0
configure:8187: result: yes
configure:8187: checking for strings.h
configure:8187: gcc -c -O2 -pedantic -m64 -mtune=k8 -I/home/yli/work/java/nachos/nachos-java/nachos/bin/gcc-mips-dep/include -I/home/yli/work/java/nachos/nachos-java/nachos/bin/gcc-mips-dep/include  conftest.c >&5
configure:8187: $? = 0
configure:8187: result: yes
configure:8187: checking for inttypes.h
configure:8187: gcc -c -O2 -pedantic -m64 -mtune=k8 -I/home/yli/work/java/nachos/nachos-java/nachos/bin/gcc-mips-dep/include -I/home/yli/work/java/nachos/nachos-java/nachos/bin/gcc-mips-dep/include  conftest.c >&5
configure:8187: $? = 0
configure:8187: result: yes
configure:8187: checking for stdint.h
configure:8187: gcc -c -O2 -pedantic -m64 -mtune=k8 -I/home/yli/work/java/nachos/nachos-java/nachos/bin/gcc-mips-dep/include -I/home/yli/work/java/nachos/nachos-java/nachos/bin/gcc-mips-dep/include  conftest.c >&5
configure:8187: $? = 0
configure:8187: result: yes
configure:8187: checking for unistd.h
configure:8187: gcc -c -O2 -pedantic -m64 -mtune=k8 -I/home/yli/work/java/nachos/nachos-java/nachos/bin/gcc-mips-dep/include -I/home/yli/work/java/nachos/nachos-java/nachos/bin/gcc-mips-dep/include  conftest.c >&5
configure:8187: $? = 0
configure:8187: result: yes
configure:8201: checking for dlfcn.h
configure:8201: gcc -c -O2 -pedantic -m64 -mtune=k8 -I/home/yli/work/java/nachos/nachos-java/nachos/bin/gcc-mips-dep/include -I/home/yli/work/java/nachos/nachos-java/nachos/bin/gcc-mips-dep/include  conftest.c >&5
configure:8201: $? = 0
configure:8201: result: yes
configure:8457: checking for objdir
configure:8472: result: .libs
configure:8736: checking if gcc supports -fno-rtti -fno-exceptions
configure:8754: gcc -c -O2 -pedantic -m64 -mtune=k8 -I/home/yli/work/java/nachos/nachos-java/nachos/bin/gcc-mips-dep/include -I/home/yli/work/java/nachos/nachos-java/nachos/bin/gcc-mips-dep/include  -fno-rtti -fno-exceptions conftest.c >&5
cc1: warning: command line option '-fno-rtti' is valid for C++/ObjC++ but not for C
configure:8758: $? = 0
configure:8771: result: no
configure:9129: checking for gcc option to produce PIC
configure:9136: result: -fPIC -DPIC
configure:9144: checking if gcc PIC flag -fPIC -DPIC works
configure:9162: gcc -c -O2 -pedantic -m64 -mtune=k8 -I/home/yli/work/java/nachos/nachos-java/nachos/bin/gcc-mips-dep/include -I/home/yli/work/java/nachos/nachos-java/nachos/bin/gcc-mips-dep/include  -fPIC -DPIC -DPIC conftest.c >&5
configure:9166: $? = 0
configure:9179: result: yes
configure:9208: checking if gcc static flag -static works
configure:9236: result: yes
configure:9251: checking if gcc supports -c -o file.o
configure:9272: gcc -c -O2 -pedantic -m64 -mtune=k8 -I/home/yli/work/java/nachos/nachos-java/nachos/bin/gcc-mips-dep/include -I/home/yli/work/java/nachos/nachos-java/nachos/bin/gcc-mips-dep/include  -o out/conftest2.o conftest.c >&5
configure:9276: $? = 0
configure:9298: result: yes
configure:9306: checking if gcc supports -c -o file.o
configure:9353: result: yes
configure:9386: checking whether the gcc linker (/usr/bin/ld -m elf_x86_64) supports shared libraries
configure:10645: result: yes
configure:10682: checking whether -lc should be explicitly linked in
configure:10690: gcc -c -O2 -pedantic -m64 -mtune=k8 -I/home/yli/work/java/nachos/nachos-java/nachos/bin/gcc-mips-dep/include -I/home/yli/work/java/nachos/nachos-java/nachos/bin/gcc-mips-dep/include  conftest.c >&5
configure:10693: $? = 0
configure:10708: gcc -shared  -fPIC -DPIC conftest.o  -v -Wl,-soname -Wl,conftest -o conftest 2\>\&1 \| /bin/grep  -lc  \>/dev/null 2\>\&1
configure:10711: $? = 0
configure:10725: result: no
configure:10885: checking dynamic linker characteristics
configure:11466: gcc -o conftest -O2 -pedantic -m64 -mtune=k8 -I/home/yli/work/java/nachos/nachos-java/nachos/bin/gcc-mips-dep/include -I/home/yli/work/java/nachos/nachos-java/nachos/bin/gcc-mips-dep/include  -L/home/yli/work/java/nachos/nachos-java/nachos/bin/gcc-mips-dep/lib -L/home/yli/work/java/nachos/nachos-java/nachos/bin/gcc-mips-dep/lib  -Wl,-rpath -Wl,/foo conftest.c  >&5
configure:11466: $? = 0
configure:11703: result: GNU/Linux ld.so
configure:11818: checking how to hardcode library paths into programs
configure:11843: result: immediate
configure:12391: checking whether stripping libraries is possible
configure:12396: result: yes
configure:12431: checking if libtool supports shared libraries
configure:12433: result: yes
configure:12436: checking whether to build shared libraries
configure:12461: result: yes
configure:12464: checking whether to build static libraries
configure:12468: result: yes
configure:12507: checking for gmp.h
configure:12515: gcc -c -O2 -pedantic -m64 -mtune=k8 -I/home/yli/work/java/nachos/nachos-java/nachos/bin/gcc-mips-dep/include -I/home/yli/work/java/nachos/nachos-java/nachos/bin/gcc-mips-dep/include  conftest.c >&5
configure:12515: $? = 0
configure:12516: result: yes
configure:13383: checking for ANSI C header files
configure:13487: result: yes
configure:13498: checking locale.h usability
configure:13498: gcc -c -O2 -pedantic -m64 -mtune=k8 -I/home/yli/work/java/nachos/nachos-java/nachos/bin/gcc-mips-dep/include -I/home/yli/work/java/nachos/nachos-java/nachos/bin/gcc-mips-dep/include  conftest.c >&5
configure:13498: $? = 0
configure:13498: result: yes
configure:13498: checking locale.h presence
configure:13498: gcc -E -I/home/yli/work/java/nachos/nachos-java/nachos/bin/gcc-mips-dep/include -I/home/yli/work/java/nachos/nachos-java/nachos/bin/gcc-mips-dep/include  conftest.c
configure:13498: $? = 0
configure:13498: result: yes
configure:13498: checking for locale.h
configure:13498: result: yes
configure:13498: checking for inttypes.h
configure:13498: result: yes
configure:13498: checking for stdint.h
configure:13498: result: yes
configure:13498: checking limits.h usability
configure:13498: gcc -c -O2 -pedantic -m64 -mtune=k8 -I/home/yli/work/java/nachos/nachos-java/nachos/bin/gcc-mips-dep/include -I/home/yli/work/java/nachos/nachos-java/nachos/bin/gcc-mips-dep/include  conftest.c >&5
configure:13498: $? = 0
configure:13498: result: yes
configure:13498: checking limits.h presence
configure:13498: gcc -E -I/home/yli/work/java/nachos/nachos-java/nachos/bin/gcc-mips-dep/include -I/home/yli/work/java/nachos/nachos-java/nachos/bin/gcc-mips-dep/include  conftest.c
configure:13498: $? = 0
configure:13498: result: yes
configure:13498: checking for limits.h
configure:13498: result: yes
configure:13498: checking for unistd.h
configure:13498: result: yes
configure:13498: checking sys/time.h usability
configure:13498: gcc -c -O2 -pedantic -m64 -mtune=k8 -I/home/yli/work/java/nachos/nachos-java/nachos/bin/gcc-mips-dep/include -I/home/yli/work/java/nachos/nachos-java/nachos/bin/gcc-mips-dep/include  conftest.c >&5
configure:13498: $? = 0
configure:13498: result: yes
configure:13498: checking sys/time.h presence
configure:13498: gcc -E -I/home/yli/work/java/nachos/nachos-java/nachos/bin/gcc-mips-dep/include -I/home/yli/work/java/nachos/nachos-java/nachos/bin/gcc-mips-dep/include  conftest.c
configure:13498: $? = 0
configure:13498: result: yes
configure:13498: checking for sys/time.h
configure:13498: result: yes
configure:13508: checking whether time.h and sys/time.h may both be included
configure:13528: gcc -c -O2 -pedantic -m64 -mtune=k8 -I/home/yli/work/java/nachos/nachos-java/nachos/bin/gcc-mips-dep/include -I/home/yli/work/java/nachos/nachos-java/nachos/bin/gcc-mips-dep/include  conftest.c >&5
configure:13528: $? = 0
configure:13535: result: yes
configure:13544: checking complex.h usability
configure:13544: gcc -c -O2 -pedantic -m64 -mtune=k8 -I/home/yli/work/java/nachos/nachos-java/nachos/bin/gcc-mips-dep/include -I/home/yli/work/java/nachos/nachos-java/nachos/bin/gcc-mips-dep/include  conftest.c >&5
configure:13544: $? = 0
configure:13544: result: yes
configure:13544: checking complex.h presence
configure:13544: gcc -E -I/home/yli/work/java/nachos/nachos-java/nachos/bin/gcc-mips-dep/include -I/home/yli/work/java/nachos/nachos-java/nachos/bin/gcc-mips-dep/include  conftest.c
configure:13544: $? = 0
configure:13544: result: yes
configure:13544: checking for complex.h
configure:13544: result: yes
configure:13549: checking for library containing creal
configure:13580: gcc -o conftest -O2 -pedantic -m64 -mtune=k8 -I/home/yli/work/java/nachos/nachos-java/nachos/bin/gcc-mips-dep/include -I/home/yli/work/java/nachos/nachos-java/nachos/bin/gcc-mips-dep/include  -L/home/yli/work/java/nachos/nachos-java/nachos/bin/gcc-mips-dep/lib -L/home/yli/work/java/nachos/nachos-java/nachos/bin/gcc-mips-dep/lib  conftest.c  >&5
conftest.c:38:6: warning: conflicting types for built-in function 'creal'
 char creal ();
      ^
/tmp/ccwr7eHb.o: In function `main':
conftest.c:(.text.startup+0x7): undefined reference to `creal'
collect2: error: ld returned 1 exit status
configure:13580: $? = 1
configure: failed program was:
| /* confdefs.h */
| #define PACKAGE_NAME "mpc"
| #define PACKAGE_TARNAME "mpc"
| #define PACKAGE_VERSION "1.0.3"
| #define PACKAGE_STRING "mpc 1.0.3"
| #define PACKAGE_BUGREPORT "mpc-discuss@lists.gforge.inria.fr"
| #define PACKAGE_URL ""
| #define PACKAGE "mpc"
| #define VERSION "1.0.3"
| #define STDC_HEADERS 1
| #define HAVE_SYS_TYPES_H 1
| #define HAVE_SYS_STAT_H 1
| #define HAVE_STDLIB_H 1
| #define HAVE_STRING_H 1
| #define HAVE_MEMORY_H 1
| #define HAVE_STRINGS_H 1
| #define HAVE_INTTYPES_H 1
| #define HAVE_STDINT_H 1
| #define HAVE_UNISTD_H 1
| #define HAVE_DLFCN_H 1
| #define LT_OBJDIR ".libs/"
| #define STDC_HEADERS 1
| #define HAVE_LOCALE_H 1
| #define HAVE_INTTYPES_H 1
| #define HAVE_STDINT_H 1
| #define HAVE_LIMITS_H 1
| #define HAVE_UNISTD_H 1
| #define HAVE_SYS_TIME_H 1
| #define TIME_WITH_SYS_TIME 1
| /* end confdefs.h.  */
| 
| /* Override any GCC internal prototype to avoid an error.
|    Use char because int might match the return type of a GCC
|    builtin and then its argument prototype would still apply.  */
| #ifdef __cplusplus
| extern "C"
| #endif
| char creal ();
| int
| main ()
| {
| return creal ();
|   ;
|   return 0;
| }
configure:13580: gcc -o conftest -O2 -pedantic -m64 -mtune=k8 -I/home/yli/work/java/nachos/nachos-java/nachos/bin/gcc-mips-dep/include -I/home/yli/work/java/nachos/nachos-java/nachos/bin/gcc-mips-dep/include  -L/home/yli/work/java/nachos/nachos-java/nachos/bin/gcc-mips-dep/lib -L/home/yli/work/java/nachos/nachos-java/nachos/bin/gcc-mips-dep/lib  conftest.c -lm   >&5
conftest.c:38:6: warning: conflicting types for built-in function 'creal'
 char creal ();
      ^
configure:13580: $? = 0
configure:13597: result: -lm
configure:13606: checking whether creal, cimag and I can be used
configure:13623: gcc -o conftest -O2 -pedantic -m64 -mtune=k8 -I/home/yli/work/java/nachos/nachos-java/nachos/bin/gcc-mips-dep/include -I/home/yli/work/java/nachos/nachos-java/nachos/bin/gcc-mips-dep/include  -L/home/yli/work/java/nachos/nachos-java/nachos/bin/gcc-mips-dep/lib -L/home/yli/work/java/nachos/nachos-java/nachos/bin/gcc-mips-dep/lib  conftest.c -lm  >&5
configure:13623: $? = 0
configure:13625: result: yes
configure:13648: checking for an ANSI C-conforming const
configure:13714: gcc -c -O2 -pedantic -m64 -mtune=k8 -I/home/yli/work/java/nachos/nachos-java/nachos/bin/gcc-mips-dep/include -I/home/yli/work/java/nachos/nachos-java/nachos/bin/gcc-mips-dep/include  conftest.c >&5
configure:13714: $? = 0
configure:13721: result: yes
configure:13729: checking for size_t
configure:13729: gcc -c -O2 -pedantic -m64 -mtune=k8 -I/home/yli/work/java/nachos/nachos-java/nachos/bin/gcc-mips-dep/include -I/home/yli/work/java/nachos/nachos-java/nachos/bin/gcc-mips-dep/include  conftest.c >&5
configure:13729: $? = 0
configure:13729: gcc -c -O2 -pedantic -m64 -mtune=k8 -I/home/yli/work/java/nachos/nachos-java/nachos/bin/gcc-mips-dep/include -I/home/yli/work/java/nachos/nachos-java/nachos/bin/gcc-mips-dep/include  conftest.c >&5
conftest.c: In function 'main':
conftest.c:68:21: error: expected expression before ')' token
 if (sizeof ((size_t)))
                     ^
configure:13729: $? = 1
configure: failed program was:
| /* confdefs.h */
| #define PACKAGE_NAME "mpc"
| #define PACKAGE_TARNAME "mpc"
| #define PACKAGE_VERSION "1.0.3"
| #define PACKAGE_STRING "mpc 1.0.3"
| #define PACKAGE_BUGREPORT "mpc-discuss@lists.gforge.inria.fr"
| #define PACKAGE_URL ""
| #define PACKAGE "mpc"
| #define VERSION "1.0.3"
| #define STDC_HEADERS 1
| #define HAVE_SYS_TYPES_H 1
| #define HAVE_SYS_STAT_H 1
| #define HAVE_STDLIB_H 1
| #define HAVE_STRING_H 1
| #define HAVE_MEMORY_H 1
| #define HAVE_STRINGS_H 1
| #define HAVE_INTTYPES_H 1
| #define HAVE_STDINT_H 1
| #define HAVE_UNISTD_H 1
| #define HAVE_DLFCN_H 1
| #define LT_OBJDIR ".libs/"
| #define STDC_HEADERS 1
| #define HAVE_LOCALE_H 1
| #define HAVE_INTTYPES_H 1
| #define HAVE_STDINT_H 1
| #define HAVE_LIMITS_H 1
| #define HAVE_UNISTD_H 1
| #define HAVE_SYS_TIME_H 1
| #define TIME_WITH_SYS_TIME 1
| #define HAVE_COMPLEX_H 1
| /* end confdefs.h.  */
| #include <stdio.h>
| #ifdef HAVE_SYS_TYPES_H
| # include <sys/types.h>
| #endif
| #ifdef HAVE_SYS_STAT_H
| # include <sys/stat.h>
| #endif
| #ifdef STDC_HEADERS
| # include <stdlib.h>
| # include <stddef.h>
| #else
| # ifdef HAVE_STDLIB_H
| #  include <stdlib.h>
| # endif
| #endif
| #ifdef HAVE_STRING_H
| # if !defined STDC_HEADERS && defined HAVE_MEMORY_H
| #  include <memory.h>
| # endif
| # include <string.h>
| #endif
| #ifdef HAVE_STRINGS_H
| # include <strings.h>
| #endif
| #ifdef HAVE_INTTYPES_H
| # include <inttypes.h>
| #endif
| #ifdef HAVE_STDINT_H
| # include <stdint.h>
| #endif
| #ifdef HAVE_UNISTD_H
| # include <unistd.h>
| #endif
| int
| main ()
| {
| if (sizeof ((size_t)))
| 	    return 0;
|   ;
|   return 0;
| }
configure:13729: result: yes
configure:13745: checking for gettimeofday
configure:13745: gcc -o conftest -O2 -pedantic -m64 -mtune=k8 -I/home/yli/work/java/nachos/nachos-java/nachos/bin/gcc-mips-dep/include -I/home/yli/work/java/nachos/nachos-java/nachos/bin/gcc-mips-dep/include  -L/home/yli/work/java/nachos/nachos-java/nachos/bin/gcc-mips-dep/lib -L/home/yli/work/java/nachos/nachos-java/nachos/bin/gcc-mips-dep/lib  conftest.c -lm  >&5
configure:13745: $? = 0
configure:13745: result: yes
configure:13745: checking for localeconv
configure:13745: gcc -o conftest -O2 -pedantic -m64 -mtune=k8 -I/home/yli/work/java/nachos/nachos-java/nachos/bin/gcc-mips-dep/include -I/home/yli/work/java/nachos/nachos-java/nachos/bin/gcc-mips-dep/include  -L/home/yli/work/java/nachos/nachos-java/nachos/bin/gcc-mips-dep/lib -L/home/yli/work/java/nachos/nachos-java/nachos/bin/gcc-mips-dep/lib  conftest.c -lm  >&5
configure:13745: $? = 0
configure:13745: result: yes
configure:13745: checking for setlocale
configure:13745: gcc -o conftest -O2 -pedantic -m64 -mtune=k8 -I/home/yli/work/java/nachos/nachos-java/nachos/bin/gcc-mips-dep/include -I/home/yli/work/java/nachos/nachos-java/nachos/bin/gcc-mips-dep/include  -L/home/yli/work/java/nachos/nachos-java/nachos/bin/gcc-mips-dep/lib -L/home/yli/work/java/nachos/nachos-java/nachos/bin/gcc-mips-dep/lib  conftest.c -lm  >&5
configure:13745: $? = 0
configure:13745: result: yes
configure:13757: checking for dup
configure:13757: gcc -o conftest -O2 -pedantic -m64 -mtune=k8 -I/home/yli/work/java/nachos/nachos-java/nachos/bin/gcc-mips-dep/include -I/home/yli/work/java/nachos/nachos-java/nachos/bin/gcc-mips-dep/include  -L/home/yli/work/java/nachos/nachos-java/nachos/bin/gcc-mips-dep/lib -L/home/yli/work/java/nachos/nachos-java/nachos/bin/gcc-mips-dep/lib  conftest.c -lm  >&5
configure:13757: $? = 0
configure:13757: result: yes
configure:13757: checking for dup2
configure:13757: gcc -o conftest -O2 -pedantic -m64 -mtune=k8 -I/home/yli/work/java/nachos/nachos-java/nachos/bin/gcc-mips-dep/include -I/home/yli/work/java/nachos/nachos-java/nachos/bin/gcc-mips-dep/include  -L/home/yli/work/java/nachos/nachos-java/nachos/bin/gcc-mips-dep/lib -L/home/yli/work/java/nachos/nachos-java/nachos/bin/gcc-mips-dep/lib  conftest.c -lm  >&5
configure:13757: $? = 0
configure:13757: result: yes
configure:13771: checking for __gmpz_init in -lgmp
configure:13796: gcc -o conftest -O2 -pedantic -m64 -mtune=k8 -I/home/yli/work/java/nachos/nachos-java/nachos/bin/gcc-mips-dep/include -I/home/yli/work/java/nachos/nachos-java/nachos/bin/gcc-mips-dep/include  -L/home/yli/work/java/nachos/nachos-java/nachos/bin/gcc-mips-dep/lib -L/home/yli/work/java/nachos/nachos-java/nachos/bin/gcc-mips-dep/lib  conftest.c -lgmp  -lm  >&5
configure:13796: $? = 0
configure:13805: result: yes
configure:13814: checking for MPFR
configure:13829: gcc -o conftest -O2 -pedantic -m64 -mtune=k8 -I/home/yli/work/java/nachos/nachos-java/nachos/bin/gcc-mips-dep/include -I/home/yli/work/java/nachos/nachos-java/nachos/bin/gcc-mips-dep/include  -L/home/yli/work/java/nachos/nachos-java/nachos/bin/gcc-mips-dep/lib -L/home/yli/work/java/nachos/nachos-java/nachos/bin/gcc-mips-dep/lib  conftest.c -lmpfr -lgmp -lm  >&5
configure:13829: $? = 0
configure:13830: result: yes
configure:13848: checking for recent GMP
configure:13860: gcc -c -O2 -pedantic -m64 -mtune=k8 -I/home/yli/work/java/nachos/nachos-java/nachos/bin/gcc-mips-dep/include -I/home/yli/work/java/nachos/nachos-java/nachos/bin/gcc-mips-dep/include  conftest.c >&5
configure:13860: $? = 0
configure:13861: result: yes
configure:13875: checking for recent MPFR
configure:13887: gcc -c -O2 -pedantic -m64 -mtune=k8 -I/home/yli/work/java/nachos/nachos-java/nachos/bin/gcc-mips-dep/include -I/home/yli/work/java/nachos/nachos-java/nachos/bin/gcc-mips-dep/include  conftest.c >&5
configure:13887: $? = 0
configure:13888: result: yes
configure:14409: checking if gcc accepts -dumpversion option
configure:14434: cat conftest.c 1>&5
int main()
{
	return 0;
}
configure:14437: $? = 0
configure:14441: gcc  -dumpversion -c conftest.c 1>&5
5.4.0
configure:14444: $? = 0
configure:14447: result: yes
configure:14474: checking gcc version
configure:14488: result: 5.4.0
configure:14679: checking that generated files are newer than configure
configure:14685: result: done
configure:14712: creating ./config.status

## ---------------------- ##
## Running config.status. ##
## ---------------------- ##

This file was extended by mpc config.status 1.0.3, which was
generated by GNU Autoconf 2.69.  Invocation command line was

  CONFIG_FILES    = 
  CONFIG_HEADERS  = 
  CONFIG_LINKS    = 
  CONFIG_COMMANDS = 
  $ ./config.status 

on ubuntu

config.status:1113: creating Makefile
config.status:1113: creating src/Makefile
config.status:1113: creating tests/Makefile
config.status:1113: creating doc/Makefile
config.status:1113: creating config.h
config.status:1327: executing depfiles commands
config.status:1327: executing libtool commands

## ---------------- ##
## Cache variables. ##
## ---------------- ##

ac_cv_build=x86_64-pc-linux-gnu
ac_cv_c_compiler_gnu=yes
ac_cv_c_const=yes
ac_cv_env_CC_set=
ac_cv_env_CC_value=
ac_cv_env_CFLAGS_set=
ac_cv_env_CFLAGS_value=
ac_cv_env_CPPFLAGS_set=
ac_cv_env_CPPFLAGS_value=
ac_cv_env_CPP_set=
ac_cv_env_CPP_value=
ac_cv_env_LDFLAGS_set=
ac_cv_env_LDFLAGS_value=
ac_cv_env_LIBS_set=
ac_cv_env_LIBS_value=
ac_cv_env_LT_SYS_LIBRARY_PATH_set=
ac_cv_env_LT_SYS_LIBRARY_PATH_value=
ac_cv_env_build_alias_set=set
ac_cv_env_build_alias_value=x86_64-linux-gnu
ac_cv_env_host_alias_set=
ac_cv_env_host_alias_value=
ac_cv_env_target_alias_set=
ac_cv_env_target_alias_value=
ac_cv_func_dup2=yes
ac_cv_func_dup=yes
ac_cv_func_gettimeofday=yes
ac_cv_func_localeconv=yes
ac_cv_func_setlocale=yes
ac_cv_header_complex_h=yes
ac_cv_header_dlfcn_h=yes
ac_cv_header_inttypes_h=yes
ac_cv_header_limits_h=yes
ac_cv_header_locale_h=yes
ac_cv_header_memory_h=yes
ac_cv_header_stdc=yes
ac_cv_header_stdint_h=yes
ac_cv_header_stdlib_h=yes
ac_cv_header_string_h=yes
ac_cv_header_strings_h=yes
ac_cv_header_sys_stat_h=yes
ac_cv_header_sys_time_h=yes
ac_cv_header_sys_types_h=yes
ac_cv_header_time=yes
ac_cv_header_unistd_h=yes
ac_cv_host=x86_64-pc-linux-gnu
ac_cv_lib_gmp___gmpz_init=yes
ac_cv_objext=o
ac_cv_path_EGREP='/bin/grep -E'
ac_cv_path_FGREP='/bin/grep -F'
ac_cv_path_GREP=/bin/grep
ac_cv_path_SED=/bin/sed
ac_cv_path_install='/usr/bin/install -c'
ac_cv_path_lt_DD=/bin/dd
ac_cv_path_mkdir=/bin/mkdir
ac_cv_prog_AWK=mawk
ac_cv_prog_CPP='gcc -E'
ac_cv_prog_ac_ct_AR=ar
ac_cv_prog_ac_ct_CC=gcc
ac_cv_prog_ac_ct_MANIFEST_TOOL=mt
ac_cv_prog_ac_ct_OBJDUMP=objdump
ac_cv_prog_ac_ct_RANLIB=ranlib
ac_cv_prog_ac_ct_STRIP=strip
ac_cv_prog_cc_c89=
ac_cv_prog_cc_g=yes
ac_cv_prog_make_make_set=yes
ac_cv_search_creal=-lm
ac_cv_type_size_t=yes
am_cv_CC_dependencies_compiler_type=gcc3
am_cv_ar_interface=ar
am_cv_make_support_nested_variables=yes
am_cv_prog_cc_c_o=yes
ax_cv_gcc_version=5.4.0
lt_cv_ar_at_file=@
lt_cv_archive_cmds_need_lc=no
lt_cv_deplibs_check_method=pass_all
lt_cv_file_magic_cmd='$MAGIC_CMD'
lt_cv_file_magic_test_file=
lt_cv_ld_reload_flag=-r
lt_cv_nm_interface='BSD nm'
lt_cv_objdir=.libs
lt_cv_path_LD=/usr/bin/ld
lt_cv_path_NM='/usr/bin/nm -B'
lt_cv_path_mainfest_tool=no
lt_cv_prog_compiler_c_o=yes
lt_cv_prog_compiler_pic='-fPIC -DPIC'
lt_cv_prog_compiler_pic_works=yes
lt_cv_prog_compiler_rtti_exceptions=no
lt_cv_prog_compiler_static_works=yes
lt_cv_prog_gnu_ld=yes
lt_cv_sharedlib_from_linklib_cmd='printf %s\n'
lt_cv_shlibpath_overrides_runpath=no
lt_cv_sys_global_symbol_pipe='sed -n -e '\''s/^.*[	 ]\([ABCDGIRSTW][ABCDGIRSTW]*\)[	 ][	 ]*\([_A-Za-z][_A-Za-z0-9]*\)$/\1 \2 \2/p'\'' | sed '\''/ __gnu_lto/d'\'''
lt_cv_sys_global_symbol_to_c_name_address='sed -n -e '\''s/^: \(.*\) .*$/  {"\1", (void *) 0},/p'\'' -e '\''s/^[ABCDGIRSTW][ABCDGIRSTW]* .* \(.*\)$/  {"\1", (void *) \&\1},/p'\'''
lt_cv_sys_global_symbol_to_c_name_address_lib_prefix='sed -n -e '\''s/^: \(.*\) .*$/  {"\1", (void *) 0},/p'\'' -e '\''s/^[ABCDGIRSTW][ABCDGIRSTW]* .* \(lib.*\)$/  {"\1", (void *) \&\1},/p'\'' -e '\''s/^[ABCDGIRSTW][ABCDGIRSTW]* .* \(.*\)$/  {"lib\1", (void *) \&\1},/p'\'''
lt_cv_sys_global_symbol_to_cdecl='sed -n -e '\''s/^T .* \(.*\)$/extern int \1();/p'\'' -e '\''s/^[ABCDGIRSTW][ABCDGIRSTW]* .* \(.*\)$/extern char \1;/p'\'''
lt_cv_sys_global_symbol_to_import=
lt_cv_sys_lib_dlsearch_path_spec='/lib /usr/lib /usr/lib/x86_64-linux-gnu/libfakeroot /usr/local/lib /usr/lib/vmware-tools/lib32/libvmGuestLib.so /usr/lib/vmware-tools/lib64/libvmGuestLib.so /usr/lib/vmware-tools/lib32/libvmGuestLibJava.so /usr/lib/vmware-tools/lib64/libvmGuestLibJava.so /usr/lib/vmware-tools/lib32/libDeployPkg.so /usr/lib/vmware-tools/lib64/libDeployPkg.so /lib/x86_64-linux-gnu /usr/lib/x86_64-linux-gnu /usr/lib/x86_64-linux-gnu/mesa-egl /usr/lib/x86_64-linux-gnu/mesa '
lt_cv_sys_max_cmd_len=1635000
lt_cv_to_host_file_cmd=func_convert_file_noop
lt_cv_to_tool_file_cmd=func_convert_file_noop
lt_cv_truncate_bin='/bin/dd bs=4096 count=1'

## ----------------- ##
## Output variables. ##
## ----------------- ##

ACLOCAL='${SHELL} /home/yli/work/java/nachos/nachos-java/nachos/bin/mpc-1.0.3/missing aclocal-1.15'
AMDEPBACKSLASH='\'
AMDEP_FALSE='#'
AMDEP_TRUE=''
AMTAR='$${TAR-tar}'
AM_BACKSLASH='\'
AM_DEFAULT_V='$(AM_DEFAULT_VERBOSITY)'
AM_DEFAULT_VERBOSITY='1'
AM_V='$(V)'
AR='ar'
AS='as'
AUTOCONF='${SHELL} /home/yli/work/java/nachos/nachos-java/nachos/bin/mpc-1.0.3/missing autoconf'
AUTOHEADER='${SHELL} /home/yli/work/java/nachos/nachos-java/nachos/bin/mpc-1.0.3/missing autoheader'
AUTOMAKE='${SHELL} /home/yli/work/java/nachos/nachos-java/nachos/bin/mpc-1.0.3/missing automake-1.15'
AWK='mawk'
CC='gcc'
CCDEPMODE='depmode=gcc3'
CFLAGS='-O2 -pedantic -m64 -mtune=k8'
CPP='gcc -E'
CPPFLAGS='-I/home/yli/work/java/nachos/nachos-java/nachos/bin/gcc-mips-dep/include -I/home/yli/work/java/nachos/nachos-java/nachos/bin/gcc-mips-dep/include '
CYGPATH_W='echo'
DEFS='-DHAVE_CONFIG_H'
DEPDIR='.deps'
DLLTOOL='false'
DSYMUTIL=''
DUMPBIN=''
ECHO_C=''
ECHO_N='-n'
ECHO_T=''
EGREP='/bin/grep -E'
EXEEXT=''
FGREP='/bin/grep -F'
GCC_VERSION='5.4.0'
GITVERSION=''
GREP='/bin/grep'
HASGIT=''
INSTALL_DATA='${INSTALL} -m 644'
INSTALL_PROGRAM='${INSTALL}'
INSTALL_SCRIPT='${INSTALL}'
INSTALL_STRIP_PROGRAM='$(install_sh) -c -s'
LD='/usr/bin/ld -m elf_x86_64'
LDFLAGS='-L/home/yli/work/java/nachos/nachos-java/nachos/bin/gcc-mips-dep/lib -L/home/yli/work/java/nachos/nachos-java/nachos/bin/gcc-mips-dep/lib '
LIBOBJS=''
LIBS='-lmpfr -lgmp -lm '
LIBTOOL='$(SHELL) $(top_builddir)/libtool'
LIPO=''
LN_S='ln -s'
LTLIBOBJS=''
LT_SYS_LIBRARY_PATH=''
MAINT='#'
MAINTAINER_MODE_FALSE=''
MAINTAINER_MODE_TRUE='#'
MAKEINFO='${SHELL} /home/yli/work/java/nachos/nachos-java/nachos/bin/mpc-1.0.3/missing makeinfo'
MANIFEST_TOOL=':'
MKDIR_P='/bin/mkdir -p'
MPC_LDFLAGS=''
MPC_LOG_H=''
NM='/usr/bin/nm -B'
NMEDIT=''
OBJDUMP='objdump'
OBJEXT='o'
OTOOL64=''
OTOOL=''
PACKAGE='mpc'
PACKAGE_BUGREPORT='mpc-discuss@lists.gforge.inria.fr'
PACKAGE_NAME='mpc'
PACKAGE_STRING='mpc 1.0.3'
PACKAGE_TARNAME='mpc'
PACKAGE_URL=''
PACKAGE_VERSION='1.0.3'
PATH_SEPARATOR=':'
RANLIB='ranlib'
SED='/bin/sed'
SET_MAKE=''
SHELL='/bin/bash'
STRIP='strip'
VALGRIND=''
VERSION='1.0.3'
ac_ct_AR='ar'
ac_ct_CC='gcc'
ac_ct_DUMPBIN=''
am__EXEEXT_FALSE=''
am__EXEEXT_TRUE='#'
am__fastdepCC_FALSE='#'
am__fastdepCC_TRUE=''
am__include='include'
am__isrc=' -I$(srcdir)'
am__leading_dot='.'
am__nodep='_no'
am__quote=''
am__tar='$${TAR-tar} chof - "$$tardir"'
am__untar='$${TAR-tar} xf -'
bindir='${exec_prefix}/bin'
build='x86_64-pc-linux-gnu'
build_alias='x86_64-linux-gnu'
build_cpu='x86_64'
build_os='linux-gnu'
build_vendor='pc'
datadir='${datarootdir}'
datarootdir='${prefix}/share'
docdir='${datarootdir}/doc/${PACKAGE_TARNAME}'
dvidir='${docdir}'
exec_prefix='${prefix}'
host='x86_64-pc-linux-gnu'
host_alias=''
host_cpu='x86_64'
host_os='linux-gnu'
host_vendor='pc'
htmldir='${docdir}'
includedir='${prefix}/include'
infodir='${datarootdir}/info'
install_sh='${SHELL} /home/yli/work/java/nachos/nachos-java/nachos/bin/mpc-1.0.3/install-sh'
libdir='${exec_prefix}/lib'
libexecdir='${exec_prefix}/libexec'
localedir='${datarootdir}/locale'
localstatedir='${prefix}/var'
mandir='${datarootdir}/man'
mkdir_p='$(MKDIR_P)'
oldincludedir='/usr/include'
pdfdir='${docdir}'
prefix='/home/yli/work/java/nachos/nachos-java/nachos/bin/gcc-mips-dep'
program_transform_name='s,x,x,'
psdir='${docdir}'
sbindir='${exec_prefix}/sbin'
sharedstatedir='${prefix}/com'
sysconfdir='${prefix}/etc'
target_alias=''

## ----------- ##
## confdefs.h. ##
## ----------- ##

/* confdefs.h */
#define PACKAGE_NAME "mpc"
#define PACKAGE_TARNAME "mpc"
#define PACKAGE_VERSION "1.0.3"
#define PACKAGE_STRING "mpc 1.0.3"
#define PACKAGE_BUGREPORT "mpc-discuss@lists.gforge.inria.fr"
#define PACKAGE_URL ""
#define PACKAGE "mpc"
#define VERSION "1.0.3"
#define STDC_HEADERS 1
#define HAVE_SYS_TYPES_H 1
#define HAVE_SYS_STAT_H 1
#define HAVE_STDLIB_H 1
#define HAVE_STRING_H 1
#define HAVE_MEMORY_H 1
#define HAVE_STRINGS_H 1
#define HAVE_INTTYPES_H 1
#define HAVE_STDINT_H 1
#define HAVE_UNISTD_H 1
#define HAVE_DLFCN_H 1
#define LT_OBJDIR ".libs/"
#define STDC_HEADERS 1
#define HAVE_LOCALE_H 1
#define HAVE_INTTYPES_H 1
#define HAVE_STDINT_H 1
#define HAVE_LIMITS_H 1
#define HAVE_UNISTD_H 1
#define HAVE_SYS_TIME_H 1
#define TIME_WITH_SYS_TIME 1
#define HAVE_COMPLEX_H 1
#define HAVE_GETTIMEOFDAY 1
#define HAVE_LOCALECONV 1
#define HAVE_SETLOCALE 1
#define HAVE_DUP 1
#define HAVE_DUP2 1
#define MPC_GCC "yes"
#define MPC_CC "gcc"
#define MPC_GCC_VERSION "5.4.0"

configure: exit 0
